[2025-11-25 16:59:06,884] INFO in app: === J.A. Uniforms Application Started ===
[2025-11-26 10:20:37,258] INFO in app: === J.A. Uniforms Application Started ===
[2025-11-26 10:22:16,728] INFO in app: === J.A. Uniforms Application Started ===
[2025-11-26 10:22:31,766] INFO in app: === J.A. Uniforms Application Started ===
[2025-11-26 10:22:39,933] INFO in app: === J.A. Uniforms Application Started ===
[2025-11-26 10:23:45,078] INFO in app: === J.A. Uniforms Application Started ===
[2025-11-26 11:34:02,000] INFO in app: === J.A. Uniforms Application Started ===
[2025-11-26 11:42:04,603] INFO in app: === J.A. Uniforms Application Started ===
[2025-11-26 11:47:07,802] INFO in app: === J.A. Uniforms Application Started ===
[2025-11-26 11:48:59,014] INFO in app: === J.A. Uniforms Application Started ===
[2025-11-26 11:50:27,901] INFO in app: === J.A. Uniforms Application Started ===
[2025-11-26 11:51:25,927] INFO in app: === J.A. Uniforms Application Started ===
[2025-11-26 13:19:39,406] INFO in app: === J.A. Uniforms Application Started ===
[2025-11-26 13:48:03,036] INFO in app: === J.A. Uniforms Application Started ===
[2025-11-26 13:58:57,355] INFO in app: === J.A. Uniforms Application Started ===
[2025-11-26 13:59:13,876] INFO in app: === J.A. Uniforms Application Started ===
[2025-11-26 14:03:05,979] INFO in app: Verification error: 'password_hash'
[2025-11-26 14:03:16,547] INFO in app: Verification error: 'password_hash'
[2025-11-26 14:04:04,453] INFO in app: Verification error: 'password_hash'
[2025-11-26 14:07:32,606] INFO in app: === J.A. Uniforms Application Started ===
[2025-11-26 15:31:39,742] INFO in app: === J.A. Uniforms Application Started ===
[2025-11-26 15:35:54,391] INFO in app: === J.A. Uniforms Application Started ===
[2025-12-01 09:40:58,389] INFO in app: === J.A. Uniforms Application Started ===
[2025-12-01 10:26:11,880] INFO in app: === J.A. Uniforms Application Started ===
[2025-12-01 10:27:57,776] INFO in app: === J.A. Uniforms Application Started ===
[2025-12-01 10:29:37,610] INFO in app: Verification code sent to operations@jauniforms.com
[2025-12-01 10:30:24,514] INFO in app: === J.A. Uniforms Application Started ===
[2025-12-01 10:34:41,784] INFO in app: === J.A. Uniforms Application Started ===
[2025-12-01 10:37:54,601] INFO in app: === J.A. Uniforms Application Started ===
[2025-12-01 10:39:51,603] INFO in app: Verification code sent to operations@jauniforms.com
[2025-12-01 10:51:18,363] INFO in app: === J.A. Uniforms Application Started ===
[2025-12-01 10:53:05,815] INFO in app: === J.A. Uniforms Application Started ===
[2025-12-01 10:55:12,697] INFO in app: === J.A. Uniforms Application Started ===
[2025-12-01 10:55:39,782] INFO in app: Verification code sent to operations@jauniforms.com
[2025-12-01 10:55:48,947] INFO in app: === J.A. Uniforms Application Started ===
[2025-12-01 10:57:07,968] INFO in app: === J.A. Uniforms Application Started ===
[2025-12-01 11:31:38,902] INFO in app: === J.A. Uniforms Application Started ===
[2025-12-01 11:46:11,191] INFO in app: === J.A. Uniforms Application Started ===
[2025-12-01 11:46:20,072] ERROR in app: Exception on / [GET]
Traceback (most recent call last):
  File "C:\Users\it2\ja_uniforms_pricing\.venv\Lib\site-packages\flask\app.py", line 1455, in wsgi_app
    response = self.full_dispatch_request()
               ^^^^^^^^^^^^^^^^^^^^^^^^^^^^
  File "C:\Users\it2\ja_uniforms_pricing\.venv\Lib\site-packages\flask\app.py", line 869, in full_dispatch_request
    rv = self.handle_user_exception(e)
         ^^^^^^^^^^^^^^^^^^^^^^^^^^^^^
  File "C:\Users\it2\ja_uniforms_pricing\.venv\Lib\site-packages\flask\app.py", line 867, in full_dispatch_request
    rv = self.dispatch_request()
         ^^^^^^^^^^^^^^^^^^^^^^^
  File "C:\Users\it2\ja_uniforms_pricing\.venv\Lib\site-packages\flask\app.py", line 852, in dispatch_request
    return self.ensure_sync(self.view_functions[rule.endpoint])(**view_args)
           ^^^^^^^^^^^^^^^^^^^^^^^^^^^^^^^^^^^^^^^^^^^^^^^^^^^^^^^^^^^^^^^^^
  File "C:\Users\it2\ja_uniforms_pricing\.venv\Lib\site-packages\flask_login\utils.py", line 290, in decorated_view
    return current_app.ensure_sync(func)(*args, **kwargs)
           ^^^^^^^^^^^^^^^^^^^^^^^^^^^^^^^^^^^^^^^^^^^^^^
  File "C:\Users\it2\ja_uniforms_pricing\app.py", line 744, in index
    joinedload(Style.style_labors).joinedload(StyleLabor.labor_operation)
               ^^^^^^^^^^^^^^^^^^
AttributeError: type object 'Style' has no attribute 'style_labors'
[2025-12-01 11:50:56,266] INFO in app: === J.A. Uniforms Application Started ===
[2025-12-01 13:42:22,018] INFO in app: === J.A. Uniforms Application Started ===
[2025-12-01 13:42:32,347] INFO in app: === J.A. Uniforms Application Started ===
[2025-12-01 13:44:14,166] INFO in app: === J.A. Uniforms Application Started ===
[2025-12-01 13:44:25,150] INFO in app: === J.A. Uniforms Application Started ===
[2025-12-01 13:44:41,923] INFO in app: === J.A. Uniforms Application Started ===
[2025-12-01 13:58:03,173] INFO in app: === J.A. Uniforms Application Started ===
[2025-12-01 14:10:11,316] INFO in app: === J.A. Uniforms Application Started ===
[2025-12-01 14:16:49,377] INFO in app: === J.A. Uniforms Application Started ===
[2025-12-01 14:23:07,984] INFO in app: === J.A. Uniforms Application Started ===
[2025-12-01 14:23:35,967] INFO in app: Verification code sent to operations@jauniforms.com
[2025-12-01 14:25:14,708] INFO in app: === J.A. Uniforms Application Started ===
[2025-12-01 14:25:50,770] INFO in app: === J.A. Uniforms Application Started ===
[2025-12-01 14:38:08,538] INFO in app: === J.A. Uniforms Application Started ===
[2025-12-01 14:58:33,726] INFO in app: === J.A. Uniforms Application Started ===
[2025-12-01 15:10:03,825] INFO in app: === J.A. Uniforms Application Started ===
[2025-12-01 15:22:13,351] INFO in app: === J.A. Uniforms Application Started ===
[2025-12-01 15:22:58,751] INFO in app: Verification code sent to operations@jauniforms.com
[2025-12-01 15:29:25,911] INFO in app: === J.A. Uniforms Application Started ===
[2025-12-01 15:33:45,116] INFO in app: === J.A. Uniforms Application Started ===
[2025-12-01 15:36:02,405] INFO in app: === J.A. Uniforms Application Started ===
[2025-12-01 15:44:31,759] INFO in app: === J.A. Uniforms Application Started ===
[2025-12-01 16:21:38,440] INFO in app: === J.A. Uniforms Application Started ===
[2025-12-01 16:23:27,918] INFO in app: Verification code sent to operations@jauniforms.com
[2025-12-01 16:26:47,183] INFO in app: === J.A. Uniforms Application Started ===
[2025-12-01 16:35:56,870] INFO in app: === J.A. Uniforms Application Started ===
[2025-12-02 09:32:28,286] INFO in app: === J.A. Uniforms Application Started ===
[2025-12-02 14:50:26,860] INFO in app: === J.A. Uniforms Application Started ===
[2025-12-02 14:59:13,300] INFO in app: === J.A. Uniforms Application Started ===
[2025-12-02 16:02:52,003] INFO in app: === J.A. Uniforms Application Started ===
[2025-12-02 16:05:12,279] INFO in app: User 4 updated successfully
[2025-12-02 16:15:23,850] INFO in app: === J.A. Uniforms Application Started ===
[2025-12-02 16:16:58,841] INFO in app: === J.A. Uniforms Application Started ===
[2025-12-02 16:23:18,101] INFO in app: === J.A. Uniforms Application Started ===
[2025-12-02 16:24:25,091] INFO in app: === J.A. Uniforms Application Started ===
[2025-12-02 16:26:45,295] INFO in app: === J.A. Uniforms Application Started ===
[2025-12-03 12:12:30,152] INFO in app: === J.A. Uniforms Application Started ===
[2025-12-04 10:37:36,573] INFO in app: === J.A. Uniforms Application Started ===
[2025-12-04 10:37:45,400] INFO in app: === J.A. Uniforms Application Started ===
[2025-12-04 10:39:41,618] INFO in app: === J.A. Uniforms Application Started ===
[2025-12-04 10:40:20,864] INFO in app: === J.A. Uniforms Application Started ===
[2025-12-04 10:43:47,161] INFO in app: === J.A. Uniforms Application Started ===
[2025-12-04 10:44:00,917] INFO in app: User 3 updated successfully
[2025-12-04 10:46:42,415] INFO in app: === J.A. Uniforms Application Started ===
[2025-12-04 10:46:47,334] ERROR in app: Exception on /view-all-styles [GET]
Traceback (most recent call last):
  File "C:\Users\it2\ja_uniforms_pricing\.venv\Lib\site-packages\flask\app.py", line 1455, in wsgi_app
    response = self.full_dispatch_request()
               ^^^^^^^^^^^^^^^^^^^^^^^^^^^^
  File "C:\Users\it2\ja_uniforms_pricing\.venv\Lib\site-packages\flask\app.py", line 869, in full_dispatch_request
    rv = self.handle_user_exception(e)
         ^^^^^^^^^^^^^^^^^^^^^^^^^^^^^
  File "C:\Users\it2\ja_uniforms_pricing\.venv\Lib\site-packages\flask\app.py", line 867, in full_dispatch_request
    rv = self.dispatch_request()
         ^^^^^^^^^^^^^^^^^^^^^^^
  File "C:\Users\it2\ja_uniforms_pricing\.venv\Lib\site-packages\flask\app.py", line 852, in dispatch_request
    return self.ensure_sync(self.view_functions[rule.endpoint])(**view_args)
           ^^^^^^^^^^^^^^^^^^^^^^^^^^^^^^^^^^^^^^^^^^^^^^^^^^^^^^^^^^^^^^^^^
  File "C:\Users\it2\ja_uniforms_pricing\auth.py", line 75, in decorated_function
    return f(*args, **kwargs)
           ^^^^^^^^^^^^^^^^^^
  File "C:\Users\it2\ja_uniforms_pricing\app.py", line 2018, in view_all_styles
    return render_template('view_all_styles.html',
          ^^^^^^^^^^^^^^^^^^^^^^^^^^^^^^^^^^^^^^^
  File "C:\Users\it2\ja_uniforms_pricing\.venv\Lib\site-packages\flask\templating.py", line 152, in render_template
    return _render(app, template, context)
           ^^^^^^^^^^^^^^^^^^^^^^^^^^^^^^^
  File "C:\Users\it2\ja_uniforms_pricing\.venv\Lib\site-packages\flask\templating.py", line 133, in _render
    rv = template.render(context)
         ^^^^^^^^^^^^^^^^^^^^^^^^
  File "C:\Users\it2\ja_uniforms_pricing\.venv\Lib\site-packages\jinja2\environment.py", line 1295, in render
    self.environment.handle_exception()
  File "C:\Users\it2\ja_uniforms_pricing\.venv\Lib\site-packages\jinja2\environment.py", line 942, in handle_exception
    raise rewrite_traceback_stack(source=source)
  File "C:\Users\it2\ja_uniforms_pricing\templates\view_all_styles.html", line 1, in top-level template code
    {% extends "base.html" %}
  File "C:\Users\it2\ja_uniforms_pricing\templates\base.html", line 146, in top-level template code
    {% block content %}{% endblock %}
    ^^^^^^^^^^^^^^^^^^^^^^^^^
  File "C:\Users\it2\ja_uniforms_pricing\templates\view_all_styles.html", line 819, in block 'content'
    <h3>${{ "%.2f"|format(total_value) }}</h3>
    ^^^^^^^^^^^^^^^^^^^^^^^^^
  File "C:\Users\it2\ja_uniforms_pricing\.venv\Lib\site-packages\jinja2\filters.py", line 1043, in do_format
    return soft_str(value) % (kwargs or args)
           ~~~~~~~~~~~~~~~~^~~~~~~~~~~~~~~~~~
jinja2.exceptions.UndefinedError: 'total_value' is undefined
[2025-12-04 10:49:38,410] INFO in app: === J.A. Uniforms Application Started ===
[2025-12-04 11:06:53,400] INFO in app: Image uploaded: style_53_20251204_110653_GLOVE.png for style 53 (246141 bytes)
[2025-12-04 12:17:38,998] INFO in app: === J.A. Uniforms Application Started ===
[2025-12-04 12:19:33,169] INFO in app: === J.A. Uniforms Application Started ===
[2025-12-04 12:20:11,617] INFO in app: === J.A. Uniforms Application Started ===
[2025-12-04 12:28:45,335] INFO in app: === J.A. Uniforms Application Started ===
[2025-12-04 12:34:13,843] INFO in app: Image uploaded: style_54_20251204_123413_Picture6.png for style 54 (36568 bytes)
[2025-12-04 15:07:07,696] INFO in app: === J.A. Uniforms Application Started ===
[2025-12-04 15:22:15,235] INFO in app: === J.A. Uniforms Application Started ===
[2025-12-04 15:48:15,208] INFO in app: === J.A. Uniforms Application Started ===
[2025-12-04 16:01:52,343] INFO in app: === J.A. Uniforms Application Started ===
[2025-12-04 16:01:56,421] ERROR in app: Exception on /style/54 [GET]
Traceback (most recent call last):
  File "C:\Users\it2\ja_uniforms_pricing\.venv\Lib\site-packages\flask\app.py", line 1455, in wsgi_app
    response = self.full_dispatch_request()
               ^^^^^^^^^^^^^^^^^^^^^^^^^^^^
  File "C:\Users\it2\ja_uniforms_pricing\.venv\Lib\site-packages\flask\app.py", line 869, in full_dispatch_request
    rv = self.handle_user_exception(e)
         ^^^^^^^^^^^^^^^^^^^^^^^^^^^^^
  File "C:\Users\it2\ja_uniforms_pricing\.venv\Lib\site-packages\flask\app.py", line 867, in full_dispatch_request
    rv = self.dispatch_request()
         ^^^^^^^^^^^^^^^^^^^^^^^
  File "C:\Users\it2\ja_uniforms_pricing\.venv\Lib\site-packages\flask\app.py", line 852, in dispatch_request
    return self.ensure_sync(self.view_functions[rule.endpoint])(**view_args)
           ^^^^^^^^^^^^^^^^^^^^^^^^^^^^^^^^^^^^^^^^^^^^^^^^^^^^^^^^^^^^^^^^^
  File "C:\Users\it2\ja_uniforms_pricing\.venv\Lib\site-packages\flask_login\utils.py", line 290, in decorated_view
    return current_app.ensure_sync(func)(*args, **kwargs)
           ^^^^^^^^^^^^^^^^^^^^^^^^^^^^^^^^^^^^^^^^^^^^^^
  File "C:\Users\it2\ja_uniforms_pricing\app.py", line 979, in style_detail
    for sf in style.fabrics:
              ^^^^^^^^^^^^^
AttributeError: 'Style' object has no attribute 'fabrics'
[2025-12-04 16:02:00,393] ERROR in app: Exception on /style/53 [GET]
Traceback (most recent call last):
  File "C:\Users\it2\ja_uniforms_pricing\.venv\Lib\site-packages\flask\app.py", line 1455, in wsgi_app
    response = self.full_dispatch_request()
               ^^^^^^^^^^^^^^^^^^^^^^^^^^^^
  File "C:\Users\it2\ja_uniforms_pricing\.venv\Lib\site-packages\flask\app.py", line 869, in full_dispatch_request
    rv = self.handle_user_exception(e)
         ^^^^^^^^^^^^^^^^^^^^^^^^^^^^^
  File "C:\Users\it2\ja_uniforms_pricing\.venv\Lib\site-packages\flask\app.py", line 867, in full_dispatch_request
    rv = self.dispatch_request()
         ^^^^^^^^^^^^^^^^^^^^^^^
  File "C:\Users\it2\ja_uniforms_pricing\.venv\Lib\site-packages\flask\app.py", line 852, in dispatch_request
    return self.ensure_sync(self.view_functions[rule.endpoint])(**view_args)
           ^^^^^^^^^^^^^^^^^^^^^^^^^^^^^^^^^^^^^^^^^^^^^^^^^^^^^^^^^^^^^^^^^
  File "C:\Users\it2\ja_uniforms_pricing\.venv\Lib\site-packages\flask_login\utils.py", line 290, in decorated_view
    return current_app.ensure_sync(func)(*args, **kwargs)
           ^^^^^^^^^^^^^^^^^^^^^^^^^^^^^^^^^^^^^^^^^^^^^^
  File "C:\Users\it2\ja_uniforms_pricing\app.py", line 979, in style_detail
    for sf in style.fabrics:
              ^^^^^^^^^^^^^
AttributeError: 'Style' object has no attribute 'fabrics'
[2025-12-04 16:02:05,697] ERROR in app: Exception on /style/54 [GET]
Traceback (most recent call last):
  File "C:\Users\it2\ja_uniforms_pricing\.venv\Lib\site-packages\flask\app.py", line 1455, in wsgi_app
    response = self.full_dispatch_request()
               ^^^^^^^^^^^^^^^^^^^^^^^^^^^^
  File "C:\Users\it2\ja_uniforms_pricing\.venv\Lib\site-packages\flask\app.py", line 869, in full_dispatch_request
    rv = self.handle_user_exception(e)
         ^^^^^^^^^^^^^^^^^^^^^^^^^^^^^
  File "C:\Users\it2\ja_uniforms_pricing\.venv\Lib\site-packages\flask\app.py", line 867, in full_dispatch_request
    rv = self.dispatch_request()
         ^^^^^^^^^^^^^^^^^^^^^^^
  File "C:\Users\it2\ja_uniforms_pricing\.venv\Lib\site-packages\flask\app.py", line 852, in dispatch_request
    return self.ensure_sync(self.view_functions[rule.endpoint])(**view_args)
           ^^^^^^^^^^^^^^^^^^^^^^^^^^^^^^^^^^^^^^^^^^^^^^^^^^^^^^^^^^^^^^^^^
  File "C:\Users\it2\ja_uniforms_pricing\.venv\Lib\site-packages\flask_login\utils.py", line 290, in decorated_view
    return current_app.ensure_sync(func)(*args, **kwargs)
           ^^^^^^^^^^^^^^^^^^^^^^^^^^^^^^^^^^^^^^^^^^^^^^
  File "C:\Users\it2\ja_uniforms_pricing\app.py", line 979, in style_detail
    for sf in style.fabrics:
              ^^^^^^^^^^^^^
AttributeError: 'Style' object has no attribute 'fabrics'
[2025-12-04 16:10:10,141] INFO in app: === J.A. Uniforms Application Started ===
[2025-12-04 16:10:21,043] ERROR in app: Exception on /style/54 [GET]
Traceback (most recent call last):
  File "C:\Users\it2\ja_uniforms_pricing\.venv\Lib\site-packages\flask\app.py", line 1455, in wsgi_app
    response = self.full_dispatch_request()
               ^^^^^^^^^^^^^^^^^^^^^^^^^^^^
  File "C:\Users\it2\ja_uniforms_pricing\.venv\Lib\site-packages\flask\app.py", line 869, in full_dispatch_request
    rv = self.handle_user_exception(e)
         ^^^^^^^^^^^^^^^^^^^^^^^^^^^^^
  File "C:\Users\it2\ja_uniforms_pricing\.venv\Lib\site-packages\flask\app.py", line 867, in full_dispatch_request
    rv = self.dispatch_request()
         ^^^^^^^^^^^^^^^^^^^^^^^
  File "C:\Users\it2\ja_uniforms_pricing\.venv\Lib\site-packages\flask\app.py", line 852, in dispatch_request
    return self.ensure_sync(self.view_functions[rule.endpoint])(**view_args)
           ^^^^^^^^^^^^^^^^^^^^^^^^^^^^^^^^^^^^^^^^^^^^^^^^^^^^^^^^^^^^^^^^^
  File "C:\Users\it2\ja_uniforms_pricing\.venv\Lib\site-packages\flask_login\utils.py", line 290, in decorated_view
    return current_app.ensure_sync(func)(*args, **kwargs)
           ^^^^^^^^^^^^^^^^^^^^^^^^^^^^^^^^^^^^^^^^^^^^^^
  File "C:\Users\it2\ja_uniforms_pricing\app.py", line 980, in style_detail
    yards = sf.yards_used or 0
            ^^^^^^^^^^^^^
AttributeError: 'StyleFabric' object has no attribute 'yards_used'
[2025-12-04 16:12:47,572] INFO in app: === J.A. Uniforms Application Started ===
[2025-12-04 16:12:54,093] ERROR in app: Exception on /style/54 [GET]
Traceback (most recent call last):
  File "C:\Users\it2\ja_uniforms_pricing\.venv\Lib\site-packages\flask\app.py", line 1455, in wsgi_app
    response = self.full_dispatch_request()
               ^^^^^^^^^^^^^^^^^^^^^^^^^^^^
  File "C:\Users\it2\ja_uniforms_pricing\.venv\Lib\site-packages\flask\app.py", line 869, in full_dispatch_request
    rv = self.handle_user_exception(e)
         ^^^^^^^^^^^^^^^^^^^^^^^^^^^^^
  File "C:\Users\it2\ja_uniforms_pricing\.venv\Lib\site-packages\flask\app.py", line 867, in full_dispatch_request
    rv = self.dispatch_request()
         ^^^^^^^^^^^^^^^^^^^^^^^
  File "C:\Users\it2\ja_uniforms_pricing\.venv\Lib\site-packages\flask\app.py", line 852, in dispatch_request
    return self.ensure_sync(self.view_functions[rule.endpoint])(**view_args)
           ^^^^^^^^^^^^^^^^^^^^^^^^^^^^^^^^^^^^^^^^^^^^^^^^^^^^^^^^^^^^^^^^^
  File "C:\Users\it2\ja_uniforms_pricing\.venv\Lib\site-packages\flask_login\utils.py", line 290, in decorated_view
    return current_app.ensure_sync(func)(*args, **kwargs)
           ^^^^^^^^^^^^^^^^^^^^^^^^^^^^^^^^^^^^^^^^^^^^^^
  File "C:\Users\it2\ja_uniforms_pricing\app.py", line 980, in style_detail
    yards = sf.yards_used or 0
            ^^^^^^^^^^^^^
AttributeError: 'StyleFabric' object has no attribute 'yards_used'
[2025-12-04 16:12:56,148] ERROR in app: Exception on /style/53 [GET]
Traceback (most recent call last):
  File "C:\Users\it2\ja_uniforms_pricing\.venv\Lib\site-packages\flask\app.py", line 1455, in wsgi_app
    response = self.full_dispatch_request()
               ^^^^^^^^^^^^^^^^^^^^^^^^^^^^
  File "C:\Users\it2\ja_uniforms_pricing\.venv\Lib\site-packages\flask\app.py", line 869, in full_dispatch_request
    rv = self.handle_user_exception(e)
         ^^^^^^^^^^^^^^^^^^^^^^^^^^^^^
  File "C:\Users\it2\ja_uniforms_pricing\.venv\Lib\site-packages\flask\app.py", line 867, in full_dispatch_request
    rv = self.dispatch_request()
         ^^^^^^^^^^^^^^^^^^^^^^^
  File "C:\Users\it2\ja_uniforms_pricing\.venv\Lib\site-packages\flask\app.py", line 852, in dispatch_request
    return self.ensure_sync(self.view_functions[rule.endpoint])(**view_args)
           ^^^^^^^^^^^^^^^^^^^^^^^^^^^^^^^^^^^^^^^^^^^^^^^^^^^^^^^^^^^^^^^^^
  File "C:\Users\it2\ja_uniforms_pricing\.venv\Lib\site-packages\flask_login\utils.py", line 290, in decorated_view
    return current_app.ensure_sync(func)(*args, **kwargs)
           ^^^^^^^^^^^^^^^^^^^^^^^^^^^^^^^^^^^^^^^^^^^^^^
  File "C:\Users\it2\ja_uniforms_pricing\app.py", line 980, in style_detail
    yards = sf.yards_used or 0
            ^^^^^^^^^^^^^
AttributeError: 'StyleFabric' object has no attribute 'yards_used'
[2025-12-04 16:13:02,283] ERROR in app: Exception on /style/54 [GET]
Traceback (most recent call last):
  File "C:\Users\it2\ja_uniforms_pricing\.venv\Lib\site-packages\flask\app.py", line 1455, in wsgi_app
    response = self.full_dispatch_request()
               ^^^^^^^^^^^^^^^^^^^^^^^^^^^^
  File "C:\Users\it2\ja_uniforms_pricing\.venv\Lib\site-packages\flask\app.py", line 869, in full_dispatch_request
    rv = self.handle_user_exception(e)
         ^^^^^^^^^^^^^^^^^^^^^^^^^^^^^
  File "C:\Users\it2\ja_uniforms_pricing\.venv\Lib\site-packages\flask\app.py", line 867, in full_dispatch_request
    rv = self.dispatch_request()
         ^^^^^^^^^^^^^^^^^^^^^^^
  File "C:\Users\it2\ja_uniforms_pricing\.venv\Lib\site-packages\flask\app.py", line 852, in dispatch_request
    return self.ensure_sync(self.view_functions[rule.endpoint])(**view_args)
           ^^^^^^^^^^^^^^^^^^^^^^^^^^^^^^^^^^^^^^^^^^^^^^^^^^^^^^^^^^^^^^^^^
  File "C:\Users\it2\ja_uniforms_pricing\.venv\Lib\site-packages\flask_login\utils.py", line 290, in decorated_view
    return current_app.ensure_sync(func)(*args, **kwargs)
           ^^^^^^^^^^^^^^^^^^^^^^^^^^^^^^^^^^^^^^^^^^^^^^
  File "C:\Users\it2\ja_uniforms_pricing\app.py", line 980, in style_detail
    yards = sf.yards_used or 0
            ^^^^^^^^^^^^^
AttributeError: 'StyleFabric' object has no attribute 'yards_used'
[2025-12-04 16:13:21,640] INFO in app: === J.A. Uniforms Application Started ===
[2025-12-04 16:13:24,628] ERROR in app: Exception on /style/53 [GET]
Traceback (most recent call last):
  File "C:\Users\it2\ja_uniforms_pricing\.venv\Lib\site-packages\flask\app.py", line 1455, in wsgi_app
    response = self.full_dispatch_request()
               ^^^^^^^^^^^^^^^^^^^^^^^^^^^^
  File "C:\Users\it2\ja_uniforms_pricing\.venv\Lib\site-packages\flask\app.py", line 869, in full_dispatch_request
    rv = self.handle_user_exception(e)
         ^^^^^^^^^^^^^^^^^^^^^^^^^^^^^
  File "C:\Users\it2\ja_uniforms_pricing\.venv\Lib\site-packages\flask\app.py", line 867, in full_dispatch_request
    rv = self.dispatch_request()
         ^^^^^^^^^^^^^^^^^^^^^^^
  File "C:\Users\it2\ja_uniforms_pricing\.venv\Lib\site-packages\flask\app.py", line 852, in dispatch_request
    return self.ensure_sync(self.view_functions[rule.endpoint])(**view_args)
           ^^^^^^^^^^^^^^^^^^^^^^^^^^^^^^^^^^^^^^^^^^^^^^^^^^^^^^^^^^^^^^^^^
  File "C:\Users\it2\ja_uniforms_pricing\.venv\Lib\site-packages\flask_login\utils.py", line 290, in decorated_view
    return current_app.ensure_sync(func)(*args, **kwargs)
           ^^^^^^^^^^^^^^^^^^^^^^^^^^^^^^^^^^^^^^^^^^^^^^
  File "C:\Users\it2\ja_uniforms_pricing\app.py", line 980, in style_detail
    yards = sf.yards_used or 0
            ^^^^^^^^^^^^^
AttributeError: 'StyleFabric' object has no attribute 'yards_used'
[2025-12-04 16:14:05,201] INFO in app: === J.A. Uniforms Application Started ===
[2025-12-04 16:14:11,610] ERROR in app: Exception on /style/54 [GET]
Traceback (most recent call last):
  File "C:\Users\it2\ja_uniforms_pricing\.venv\Lib\site-packages\flask\app.py", line 1455, in wsgi_app
    response = self.full_dispatch_request()
               ^^^^^^^^^^^^^^^^^^^^^^^^^^^^
  File "C:\Users\it2\ja_uniforms_pricing\.venv\Lib\site-packages\flask\app.py", line 869, in full_dispatch_request
    rv = self.handle_user_exception(e)
         ^^^^^^^^^^^^^^^^^^^^^^^^^^^^^
  File "C:\Users\it2\ja_uniforms_pricing\.venv\Lib\site-packages\flask\app.py", line 867, in full_dispatch_request
    rv = self.dispatch_request()
         ^^^^^^^^^^^^^^^^^^^^^^^
  File "C:\Users\it2\ja_uniforms_pricing\.venv\Lib\site-packages\flask\app.py", line 852, in dispatch_request
    return self.ensure_sync(self.view_functions[rule.endpoint])(**view_args)
           ^^^^^^^^^^^^^^^^^^^^^^^^^^^^^^^^^^^^^^^^^^^^^^^^^^^^^^^^^^^^^^^^^
  File "C:\Users\it2\ja_uniforms_pricing\.venv\Lib\site-packages\flask_login\utils.py", line 290, in decorated_view
    return current_app.ensure_sync(func)(*args, **kwargs)
           ^^^^^^^^^^^^^^^^^^^^^^^^^^^^^^^^^^^^^^^^^^^^^^
  File "C:\Users\it2\ja_uniforms_pricing\app.py", line 989, in style_detail
    qty = sn.quantity or 0
          ^^^^^^^^^^^
AttributeError: 'StyleNotion' object has no attribute 'quantity'
[2025-12-04 16:17:02,448] INFO in app: === J.A. Uniforms Application Started ===
[2025-12-04 16:18:09,570] ERROR in app: Exception on /api/style/by-vendor-style [GET]
Traceback (most recent call last):
  File "C:\Users\it2\ja_uniforms_pricing\.venv\Lib\site-packages\flask\app.py", line 1455, in wsgi_app
    response = self.full_dispatch_request()
               ^^^^^^^^^^^^^^^^^^^^^^^^^^^^
  File "C:\Users\it2\ja_uniforms_pricing\.venv\Lib\site-packages\flask\app.py", line 869, in full_dispatch_request
    rv = self.handle_user_exception(e)
         ^^^^^^^^^^^^^^^^^^^^^^^^^^^^^
  File "C:\Users\it2\ja_uniforms_pricing\.venv\Lib\site-packages\flask\app.py", line 867, in full_dispatch_request
    rv = self.dispatch_request()
         ^^^^^^^^^^^^^^^^^^^^^^^
  File "C:\Users\it2\ja_uniforms_pricing\.venv\Lib\site-packages\flask\app.py", line 852, in dispatch_request
    return self.ensure_sync(self.view_functions[rule.endpoint])(**view_args)
           ^^^^^^^^^^^^^^^^^^^^^^^^^^^^^^^^^^^^^^^^^^^^^^^^^^^^^^^^^^^^^^^^^
  File "C:\Users\it2\ja_uniforms_pricing\.venv\Lib\site-packages\flask_login\utils.py", line 290, in decorated_view
    return current_app.ensure_sync(func)(*args, **kwargs)
           ^^^^^^^^^^^^^^^^^^^^^^^^^^^^^^^^^^^^^^^^^^^^^^
  File "C:\Users\it2\ja_uniforms_pricing\app.py", line 3344, in api_style_by_vendor_style
    "qty": float(sn.quantity_required_required or 0),
                 ^^^^^^^^^^^^^^^^^^^^^^^^^^^^^
AttributeError: 'StyleNotion' object has no attribute 'quantity_required_required'
[2025-12-04 16:18:15,341] ERROR in app: Exception on /api/style/by-vendor-style [GET]
Traceback (most recent call last):
  File "C:\Users\it2\ja_uniforms_pricing\.venv\Lib\site-packages\flask\app.py", line 1455, in wsgi_app
    response = self.full_dispatch_request()
               ^^^^^^^^^^^^^^^^^^^^^^^^^^^^
  File "C:\Users\it2\ja_uniforms_pricing\.venv\Lib\site-packages\flask\app.py", line 869, in full_dispatch_request
    rv = self.handle_user_exception(e)
         ^^^^^^^^^^^^^^^^^^^^^^^^^^^^^
  File "C:\Users\it2\ja_uniforms_pricing\.venv\Lib\site-packages\flask\app.py", line 867, in full_dispatch_request
    rv = self.dispatch_request()
         ^^^^^^^^^^^^^^^^^^^^^^^
  File "C:\Users\it2\ja_uniforms_pricing\.venv\Lib\site-packages\flask\app.py", line 852, in dispatch_request
    return self.ensure_sync(self.view_functions[rule.endpoint])(**view_args)
           ^^^^^^^^^^^^^^^^^^^^^^^^^^^^^^^^^^^^^^^^^^^^^^^^^^^^^^^^^^^^^^^^^
  File "C:\Users\it2\ja_uniforms_pricing\.venv\Lib\site-packages\flask_login\utils.py", line 290, in decorated_view
    return current_app.ensure_sync(func)(*args, **kwargs)
           ^^^^^^^^^^^^^^^^^^^^^^^^^^^^^^^^^^^^^^^^^^^^^^
  File "C:\Users\it2\ja_uniforms_pricing\app.py", line 3344, in api_style_by_vendor_style
    "qty": float(sn.quantity_required_required or 0),
                 ^^^^^^^^^^^^^^^^^^^^^^^^^^^^^
AttributeError: 'StyleNotion' object has no attribute 'quantity_required_required'
[2025-12-04 16:20:02,117] INFO in app: === J.A. Uniforms Application Started ===
[2025-12-04 16:20:08,974] ERROR in app: Exception on /api/style/by-vendor-style [GET]
Traceback (most recent call last):
  File "C:\Users\it2\ja_uniforms_pricing\.venv\Lib\site-packages\flask\app.py", line 1455, in wsgi_app
    response = self.full_dispatch_request()
               ^^^^^^^^^^^^^^^^^^^^^^^^^^^^
  File "C:\Users\it2\ja_uniforms_pricing\.venv\Lib\site-packages\flask\app.py", line 869, in full_dispatch_request
    rv = self.handle_user_exception(e)
         ^^^^^^^^^^^^^^^^^^^^^^^^^^^^^
  File "C:\Users\it2\ja_uniforms_pricing\.venv\Lib\site-packages\flask\app.py", line 867, in full_dispatch_request
    rv = self.dispatch_request()
         ^^^^^^^^^^^^^^^^^^^^^^^
  File "C:\Users\it2\ja_uniforms_pricing\.venv\Lib\site-packages\flask\app.py", line 852, in dispatch_request
    return self.ensure_sync(self.view_functions[rule.endpoint])(**view_args)
           ^^^^^^^^^^^^^^^^^^^^^^^^^^^^^^^^^^^^^^^^^^^^^^^^^^^^^^^^^^^^^^^^^
  File "C:\Users\it2\ja_uniforms_pricing\.venv\Lib\site-packages\flask_login\utils.py", line 290, in decorated_view
    return current_app.ensure_sync(func)(*args, **kwargs)
           ^^^^^^^^^^^^^^^^^^^^^^^^^^^^^^^^^^^^^^^^^^^^^^
  File "C:\Users\it2\ja_uniforms_pricing\app.py", line 3344, in api_style_by_vendor_style
    "qty": float(sn.quantity_required_required or 0),
                 ^^^^^^^^^^^^^^^^^^^^^^^^^^^^^
AttributeError: 'StyleNotion' object has no attribute 'quantity_required_required'
[2025-12-04 16:20:17,812] ERROR in app: Exception on /api/style/by-vendor-style [GET]
Traceback (most recent call last):
  File "C:\Users\it2\ja_uniforms_pricing\.venv\Lib\site-packages\flask\app.py", line 1455, in wsgi_app
    response = self.full_dispatch_request()
               ^^^^^^^^^^^^^^^^^^^^^^^^^^^^
  File "C:\Users\it2\ja_uniforms_pricing\.venv\Lib\site-packages\flask\app.py", line 869, in full_dispatch_request
    rv = self.handle_user_exception(e)
         ^^^^^^^^^^^^^^^^^^^^^^^^^^^^^
  File "C:\Users\it2\ja_uniforms_pricing\.venv\Lib\site-packages\flask\app.py", line 867, in full_dispatch_request
    rv = self.dispatch_request()
         ^^^^^^^^^^^^^^^^^^^^^^^
  File "C:\Users\it2\ja_uniforms_pricing\.venv\Lib\site-packages\flask\app.py", line 852, in dispatch_request
    return self.ensure_sync(self.view_functions[rule.endpoint])(**view_args)
           ^^^^^^^^^^^^^^^^^^^^^^^^^^^^^^^^^^^^^^^^^^^^^^^^^^^^^^^^^^^^^^^^^
  File "C:\Users\it2\ja_uniforms_pricing\.venv\Lib\site-packages\flask_login\utils.py", line 290, in decorated_view
    return current_app.ensure_sync(func)(*args, **kwargs)
           ^^^^^^^^^^^^^^^^^^^^^^^^^^^^^^^^^^^^^^^^^^^^^^
  File "C:\Users\it2\ja_uniforms_pricing\app.py", line 3344, in api_style_by_vendor_style
    "qty": float(sn.quantity_required_required or 0),
                 ^^^^^^^^^^^^^^^^^^^^^^^^^^^^^
AttributeError: 'StyleNotion' object has no attribute 'quantity_required_required'
[2025-12-04 16:21:43,307] INFO in app: === J.A. Uniforms Application Started ===
[2025-12-04 16:22:29,045] INFO in app: === J.A. Uniforms Application Started ===
[2025-12-04 16:22:35,794] ERROR in app: Exception on /api/style/by-vendor-style [GET]
Traceback (most recent call last):
  File "C:\Users\it2\ja_uniforms_pricing\.venv\Lib\site-packages\flask\app.py", line 1455, in wsgi_app
    response = self.full_dispatch_request()
               ^^^^^^^^^^^^^^^^^^^^^^^^^^^^
  File "C:\Users\it2\ja_uniforms_pricing\.venv\Lib\site-packages\flask\app.py", line 869, in full_dispatch_request
    rv = self.handle_user_exception(e)
         ^^^^^^^^^^^^^^^^^^^^^^^^^^^^^
  File "C:\Users\it2\ja_uniforms_pricing\.venv\Lib\site-packages\flask\app.py", line 867, in full_dispatch_request
    rv = self.dispatch_request()
         ^^^^^^^^^^^^^^^^^^^^^^^
  File "C:\Users\it2\ja_uniforms_pricing\.venv\Lib\site-packages\flask\app.py", line 852, in dispatch_request
    return self.ensure_sync(self.view_functions[rule.endpoint])(**view_args)
           ^^^^^^^^^^^^^^^^^^^^^^^^^^^^^^^^^^^^^^^^^^^^^^^^^^^^^^^^^^^^^^^^^
  File "C:\Users\it2\ja_uniforms_pricing\.venv\Lib\site-packages\flask_login\utils.py", line 290, in decorated_view
    return current_app.ensure_sync(func)(*args, **kwargs)
           ^^^^^^^^^^^^^^^^^^^^^^^^^^^^^^^^^^^^^^^^^^^^^^
  File "C:\Users\it2\ja_uniforms_pricing\app.py", line 3344, in api_style_by_vendor_style
    "qty": float(sn.quantity_required_required or 0),
                 ^^^^^^^^^^^^^^^^^^^^^^^^^^^^^
AttributeError: 'StyleNotion' object has no attribute 'quantity_required_required'
[2025-12-04 16:35:08,270] INFO in app: === J.A. Uniforms Application Started ===
[2025-12-04 16:35:53,048] INFO in app: Image uploaded: style_32_20251204_163553_sap_b1_process_flow.png for style 32 (123158 bytes)
[2025-12-04 16:37:56,850] INFO in app: === J.A. Uniforms Application Started ===
[2025-12-04 16:41:42,522] INFO in app: === J.A. Uniforms Application Started ===
[2025-12-04 16:45:29,074] INFO in app: === J.A. Uniforms Application Started ===
[2025-12-05 09:34:57,796] INFO in app: === J.A. Uniforms Application Started ===
[2025-12-05 09:37:48,290] INFO in app: === J.A. Uniforms Application Started ===
[2025-12-05 10:07:58,473] INFO in app: === J.A. Uniforms Application Started ===
[2025-12-05 10:12:22,459] INFO in app: === J.A. Uniforms Application Started ===
[2025-12-05 10:13:25,338] INFO in app: === J.A. Uniforms Application Started ===
[2025-12-05 10:21:02,775] INFO in app: === J.A. Uniforms Application Started ===
[2025-12-05 10:40:35,879] INFO in app: Verification code sent to design@jauniforms.com
[2025-12-05 10:42:34,407] INFO in app: User 5 updated successfully
[2025-12-05 10:43:49,138] INFO in app: Admin design@jauniforms.com reset password for user operations@jauniforms.com
[2025-12-05 10:50:35,639] INFO in app: Deleted image file: static/img\style_15_20251015_101604_Picture2.png
[2025-12-05 10:50:35,654] INFO in app: Style 15 deleted successfully with 1 image(s)
[2025-12-05 10:50:55,553] INFO in app: Style 20 deleted successfully with 0 image(s)
[2025-12-05 11:37:20,491] INFO in app: === J.A. Uniforms Application Started ===
[2025-12-05 11:37:35,802] INFO in app: Deleted image file: static/img\style_25_20251022_120939_pasted-image-1761149379875.png
[2025-12-05 11:37:35,815] INFO in app: Deleted image file: static/img\style_25_20251030_163241_Picture3.png
[2025-12-05 11:37:35,832] INFO in app: Style 25 deleted successfully with 2 image(s)
[2025-12-05 11:43:51,911] INFO in app: === J.A. Uniforms Application Started ===
[2025-12-05 11:43:58,816] INFO in app: Style 42 deleted successfully with 0 image(s)
[2025-12-05 11:43:58,831] INFO in app: Style 42 deleted successfully with 0 image(s)
[2025-12-05 11:44:00,375] INFO in app: Deleted image file: static/img\style_44_20251022_133122_pasted-image-1761154282021.png
[2025-12-05 11:44:00,375] WARNING in app: Could not delete image file static/img\style_44_20251022_133122_pasted-image-1761154282021.png: [WinError 5] Access is denied: 'static/img\\style_44_20251022_133122_pasted-image-1761154282021.png'
[2025-12-05 11:44:00,375] INFO in app: Style 44 deleted successfully with 1 image(s)
[2025-12-05 11:44:00,394] INFO in app: Style 44 deleted successfully with 1 image(s)
[2025-12-05 11:52:36,442] INFO in app: === J.A. Uniforms Application Started ===
[2025-12-05 11:58:54,135] INFO in app: Deleted image file: static/img\style_23_20251022_164648_pasted-image-1761166008097.png
[2025-12-05 11:58:54,158] INFO in app: Style 23 deleted successfully with 1 image(s)
[2025-12-05 11:59:42,460] INFO in app: === J.A. Uniforms Application Started ===
[2025-12-05 12:00:21,721] INFO in app: === J.A. Uniforms Application Started ===
[2025-12-05 13:03:54,226] INFO in app: === J.A. Uniforms Application Started ===
[2025-12-05 13:11:36,308] INFO in app: === J.A. Uniforms Application Started ===
[2025-12-05 13:18:55,326] INFO in app: === J.A. Uniforms Application Started ===
[2025-12-05 13:27:13,553] INFO in app: === J.A. Uniforms Application Started ===
[2025-12-05 13:35:46,977] INFO in app: === J.A. Uniforms Application Started ===
[2025-12-05 13:39:56,770] INFO in app: === J.A. Uniforms Application Started ===
[2025-12-05 13:53:28,232] INFO in app: === J.A. Uniforms Application Started ===
[2025-12-05 13:55:50,050] INFO in app: === J.A. Uniforms Application Started ===
[2025-12-05 14:04:20,330] INFO in app: === J.A. Uniforms Application Started ===
[2025-12-05 14:09:13,062] INFO in app: === J.A. Uniforms Application Started ===
[2025-12-05 14:18:45,697] INFO in app: === J.A. Uniforms Application Started ===
[2025-12-05 14:34:44,028] INFO in app: === J.A. Uniforms Application Started ===
[2025-12-05 14:35:30,712] INFO in app: === J.A. Uniforms Application Started ===
[2025-12-05 14:59:13,240] INFO in app: === J.A. Uniforms Application Started ===
[2025-12-05 15:01:28,897] INFO in app: === J.A. Uniforms Application Started ===
[2025-12-05 15:18:01,062] INFO in app: === J.A. Uniforms Application Started ===
[2025-12-05 15:20:37,193] INFO in app: === J.A. Uniforms Application Started ===
[2025-12-05 15:27:35,785] INFO in app: === J.A. Uniforms Application Started ===
[2025-12-05 15:31:28,449] INFO in app: === J.A. Uniforms Application Started ===
[2025-12-05 15:32:05,748] ERROR in app: Exception on /audit-logs [GET]
Traceback (most recent call last):
  File "C:\Users\it2\ja_uniforms_pricing\.venv\Lib\site-packages\flask\app.py", line 1455, in wsgi_app
    response = self.full_dispatch_request()
               ^^^^^^^^^^^^^^^^^^^^^^^^^^^^
  File "C:\Users\it2\ja_uniforms_pricing\.venv\Lib\site-packages\flask\app.py", line 869, in full_dispatch_request
    rv = self.handle_user_exception(e)
         ^^^^^^^^^^^^^^^^^^^^^^^^^^^^^
  File "C:\Users\it2\ja_uniforms_pricing\.venv\Lib\site-packages\flask\app.py", line 867, in full_dispatch_request
    rv = self.dispatch_request()
         ^^^^^^^^^^^^^^^^^^^^^^^
  File "C:\Users\it2\ja_uniforms_pricing\.venv\Lib\site-packages\flask\app.py", line 852, in dispatch_request
    return self.ensure_sync(self.view_functions[rule.endpoint])(**view_args)
           ^^^^^^^^^^^^^^^^^^^^^^^^^^^^^^^^^^^^^^^^^^^^^^^^^^^^^^^^^^^^^^^^^
  File "C:\Users\it2\ja_uniforms_pricing\.venv\Lib\site-packages\flask_login\utils.py", line 290, in decorated_view
    return current_app.ensure_sync(func)(*args, **kwargs)
           ^^^^^^^^^^^^^^^^^^^^^^^^^^^^^^^^^^^^^^^^^^^^^^
  File "C:\Users\it2\ja_uniforms_pricing\auth.py", line 51, in decorated_function
    return f(*args, **kwargs)
           ^^^^^^^^^^^^^^^^^^
  File "C:\Users\it2\ja_uniforms_pricing\app.py", line 457, in audit_logs
    return render_template('audit_logs.html', logs=logs,
          ^^^^^^^^^^^^^^^^^^^^^^^^^^^^^^^^^^^^^^^^^^^^^
  File "C:\Users\it2\ja_uniforms_pricing\.venv\Lib\site-packages\flask\templating.py", line 152, in render_template
    return _render(app, template, context)
           ^^^^^^^^^^^^^^^^^^^^^^^^^^^^^^^
  File "C:\Users\it2\ja_uniforms_pricing\.venv\Lib\site-packages\flask\templating.py", line 133, in _render
    rv = template.render(context)
         ^^^^^^^^^^^^^^^^^^^^^^^^
  File "C:\Users\it2\ja_uniforms_pricing\.venv\Lib\site-packages\jinja2\environment.py", line 1295, in render
    self.environment.handle_exception()
  File "C:\Users\it2\ja_uniforms_pricing\.venv\Lib\site-packages\jinja2\environment.py", line 942, in handle_exception
    raise rewrite_traceback_stack(source=source)
  File "C:\Users\it2\ja_uniforms_pricing\templates\audit_logs.html", line 1, in top-level template code
    {% extends "base.html" %}
  File "C:\Users\it2\ja_uniforms_pricing\templates\base.html", line 146, in top-level template code
    {% block content %}{% endblock %}
    ^^^^^^^^^^^^^^^^^^^^^^^^^
  File "C:\Users\it2\ja_uniforms_pricing\templates\audit_logs.html", line 23, in block 'content'
    <a href="{{ url_for('dashboard') }}" class="btn btn-outline-secondary">
    ^^^^^^^^^^^^^^^^^^^^^^^^^
  File "C:\Users\it2\ja_uniforms_pricing\.venv\Lib\site-packages\flask\app.py", line 1071, in url_for
    return self.handle_url_build_error(error, endpoint, values)
           ^^^^^^^^^^^^^^^^^^^^^^^^^^^^^^^^^^^^^^^^^^^^^^^^^^^^
  File "C:\Users\it2\ja_uniforms_pricing\.venv\Lib\site-packages\flask\app.py", line 1060, in url_for
    rv = url_adapter.build(  # type: ignore[union-attr]
         ^^^^^^^^^^^^^^^^^^^^^^^^^^^^^^^^^^^^^^^^^^^^^^
  File "C:\Users\it2\ja_uniforms_pricing\.venv\Lib\site-packages\werkzeug\routing\map.py", line 919, in build
    raise BuildError(endpoint, values, method, self)
werkzeug.routing.exceptions.BuildError: Could not build url for endpoint 'dashboard'. Did you mean 'api_dashboard_stats' instead?
[2025-12-05 15:35:53,417] INFO in app: === J.A. Uniforms Application Started ===
[2025-12-05 15:42:34,222] INFO in app: === J.A. Uniforms Application Started ===
[2025-12-05 15:47:42,633] INFO in app: === J.A. Uniforms Application Started ===
[2025-12-05 15:50:39,794] INFO in app: === J.A. Uniforms Application Started ===
[2025-12-05 15:52:58,594] INFO in app: === J.A. Uniforms Application Started ===
[2025-12-05 15:53:33,304] INFO in app: === J.A. Uniforms Application Started ===
[2025-12-05 15:54:30,833] INFO in app: === J.A. Uniforms Application Started ===
[2025-12-05 15:56:08,524] INFO in app: === J.A. Uniforms Application Started ===
[2025-12-05 15:58:44,348] INFO in app: === J.A. Uniforms Application Started ===
[2025-12-05 15:59:20,134] ERROR in app: Error updating fabric vendor: (psycopg2.errors.UniqueViolation) duplicate key value violates unique constraint "fabric_vendors_vendor_code_key"
DETAIL:  Key (vendor_code)=(F103) already exists.

[SQL: UPDATE fabric_vendors SET vendor_code=%(vendor_code)s WHERE fabric_vendors.id = %(fabric_vendors_id)s]
[parameters: {'vendor_code': 'F103', 'fabric_vendors_id': 1}]
(Background on this error at: https://sqlalche.me/e/20/gkpj)
[2025-12-05 16:12:22,893] INFO in app: === J.A. Uniforms Application Started ===
[2025-12-05 16:14:09,718] INFO in app: === J.A. Uniforms Application Started ===
[2025-12-05 16:16:55,917] INFO in app: === J.A. Uniforms Application Started ===
[2025-12-05 16:19:33,661] INFO in app: === J.A. Uniforms Application Started ===
[2025-12-05 16:21:18,256] INFO in app: === J.A. Uniforms Application Started ===
[2025-12-05 16:27:04,618] INFO in app: Admin it@jauniforms.com reset password for user operations@jauniforms.com
[2025-12-05 16:27:33,244] INFO in app: User operations@jauniforms.com changed password successfully
[2025-12-05 16:28:48,388] INFO in app: === J.A. Uniforms Application Started ===
[2025-12-05 16:35:17,099] INFO in app: === J.A. Uniforms Application Started ===
[2025-12-05 16:43:06,706] INFO in app: === J.A. Uniforms Application Started ===
[2025-12-05 16:56:03,882] INFO in app: Verification code sent to webadmin@jauniforms.com
[2025-12-08 09:23:02,004] INFO in app: === J.A. Uniforms Application Started ===
[2025-12-08 09:33:08,234] INFO in app: === J.A. Uniforms Application Started ===
[2025-12-08 09:37:23,007] INFO in app: === J.A. Uniforms Application Started ===
[2025-12-08 09:40:44,459] INFO in app: === J.A. Uniforms Application Started ===
[2025-12-08 09:47:48,399] INFO in app: === J.A. Uniforms Application Started ===
[2025-12-08 10:11:16,102] INFO in app: === J.A. Uniforms Application Started ===
[2025-12-08 10:20:08,693] INFO in app: === J.A. Uniforms Application Started ===
[2025-12-08 10:20:29,048] INFO in app: === J.A. Uniforms Application Started ===
[2025-12-08 10:22:39,834] INFO in app: === J.A. Uniforms Application Started ===
[2025-12-08 10:32:10,050] INFO in app: === J.A. Uniforms Application Started ===
