[2025-12-01 11:46:20,072] ERROR in C:\Users\it2\ja_uniforms_pricing\.venv\Lib\site-packages\flask\app.py:825
Exception on / [GET]
Traceback (most recent call last):
  File "C:\Users\it2\ja_uniforms_pricing\.venv\Lib\site-packages\flask\app.py", line 1455, in wsgi_app
    response = self.full_dispatch_request()
               ^^^^^^^^^^^^^^^^^^^^^^^^^^^^
  File "C:\Users\it2\ja_uniforms_pricing\.venv\Lib\site-packages\flask\app.py", line 869, in full_dispatch_request
    rv = self.handle_user_exception(e)
         ^^^^^^^^^^^^^^^^^^^^^^^^^^^^^
  File "C:\Users\it2\ja_uniforms_pricing\.venv\Lib\site-packages\flask\app.py", line 867, in full_dispatch_request
    rv = self.dispatch_request()
         ^^^^^^^^^^^^^^^^^^^^^^^
  File "C:\Users\it2\ja_uniforms_pricing\.venv\Lib\site-packages\flask\app.py", line 852, in dispatch_request
    return self.ensure_sync(self.view_functions[rule.endpoint])(**view_args)
           ^^^^^^^^^^^^^^^^^^^^^^^^^^^^^^^^^^^^^^^^^^^^^^^^^^^^^^^^^^^^^^^^^
  File "C:\Users\it2\ja_uniforms_pricing\.venv\Lib\site-packages\flask_login\utils.py", line 290, in decorated_view
    return current_app.ensure_sync(func)(*args, **kwargs)
           ^^^^^^^^^^^^^^^^^^^^^^^^^^^^^^^^^^^^^^^^^^^^^^
  File "C:\Users\it2\ja_uniforms_pricing\app.py", line 744, in index
    joinedload(Style.style_labors).joinedload(StyleLabor.labor_operation)
               ^^^^^^^^^^^^^^^^^^
AttributeError: type object 'Style' has no attribute 'style_labors'
[2025-12-04 10:46:47,334] ERROR in C:\Users\it2\ja_uniforms_pricing\.venv\Lib\site-packages\flask\app.py:825
Exception on /view-all-styles [GET]
Traceback (most recent call last):
  File "C:\Users\it2\ja_uniforms_pricing\.venv\Lib\site-packages\flask\app.py", line 1455, in wsgi_app
    response = self.full_dispatch_request()
               ^^^^^^^^^^^^^^^^^^^^^^^^^^^^
  File "C:\Users\it2\ja_uniforms_pricing\.venv\Lib\site-packages\flask\app.py", line 869, in full_dispatch_request
    rv = self.handle_user_exception(e)
         ^^^^^^^^^^^^^^^^^^^^^^^^^^^^^
  File "C:\Users\it2\ja_uniforms_pricing\.venv\Lib\site-packages\flask\app.py", line 867, in full_dispatch_request
    rv = self.dispatch_request()
         ^^^^^^^^^^^^^^^^^^^^^^^
  File "C:\Users\it2\ja_uniforms_pricing\.venv\Lib\site-packages\flask\app.py", line 852, in dispatch_request
    return self.ensure_sync(self.view_functions[rule.endpoint])(**view_args)
           ^^^^^^^^^^^^^^^^^^^^^^^^^^^^^^^^^^^^^^^^^^^^^^^^^^^^^^^^^^^^^^^^^
  File "C:\Users\it2\ja_uniforms_pricing\auth.py", line 75, in decorated_function
    return f(*args, **kwargs)
           ^^^^^^^^^^^^^^^^^^
  File "C:\Users\it2\ja_uniforms_pricing\app.py", line 2018, in view_all_styles
    return render_template('view_all_styles.html',
          ^^^^^^^^^^^^^^^^^^^^^^^^^^^^^^^^^^^^^^^
  File "C:\Users\it2\ja_uniforms_pricing\.venv\Lib\site-packages\flask\templating.py", line 152, in render_template
    return _render(app, template, context)
           ^^^^^^^^^^^^^^^^^^^^^^^^^^^^^^^
  File "C:\Users\it2\ja_uniforms_pricing\.venv\Lib\site-packages\flask\templating.py", line 133, in _render
    rv = template.render(context)
         ^^^^^^^^^^^^^^^^^^^^^^^^
  File "C:\Users\it2\ja_uniforms_pricing\.venv\Lib\site-packages\jinja2\environment.py", line 1295, in render
    self.environment.handle_exception()
  File "C:\Users\it2\ja_uniforms_pricing\.venv\Lib\site-packages\jinja2\environment.py", line 942, in handle_exception
    raise rewrite_traceback_stack(source=source)
  File "C:\Users\it2\ja_uniforms_pricing\templates\view_all_styles.html", line 1, in top-level template code
    {% extends "base.html" %}
  File "C:\Users\it2\ja_uniforms_pricing\templates\base.html", line 146, in top-level template code
    {% block content %}{% endblock %}
    ^^^^^^^^^^^^^^^^^^^^^^^^^
  File "C:\Users\it2\ja_uniforms_pricing\templates\view_all_styles.html", line 819, in block 'content'
    <h3>${{ "%.2f"|format(total_value) }}</h3>
    ^^^^^^^^^^^^^^^^^^^^^^^^^
  File "C:\Users\it2\ja_uniforms_pricing\.venv\Lib\site-packages\jinja2\filters.py", line 1043, in do_format
    return soft_str(value) % (kwargs or args)
           ~~~~~~~~~~~~~~~~^~~~~~~~~~~~~~~~~~
jinja2.exceptions.UndefinedError: 'total_value' is undefined
[2025-12-04 16:01:56,421] ERROR in C:\Users\it2\ja_uniforms_pricing\.venv\Lib\site-packages\flask\app.py:825
Exception on /style/54 [GET]
Traceback (most recent call last):
  File "C:\Users\it2\ja_uniforms_pricing\.venv\Lib\site-packages\flask\app.py", line 1455, in wsgi_app
    response = self.full_dispatch_request()
               ^^^^^^^^^^^^^^^^^^^^^^^^^^^^
  File "C:\Users\it2\ja_uniforms_pricing\.venv\Lib\site-packages\flask\app.py", line 869, in full_dispatch_request
    rv = self.handle_user_exception(e)
         ^^^^^^^^^^^^^^^^^^^^^^^^^^^^^
  File "C:\Users\it2\ja_uniforms_pricing\.venv\Lib\site-packages\flask\app.py", line 867, in full_dispatch_request
    rv = self.dispatch_request()
         ^^^^^^^^^^^^^^^^^^^^^^^
  File "C:\Users\it2\ja_uniforms_pricing\.venv\Lib\site-packages\flask\app.py", line 852, in dispatch_request
    return self.ensure_sync(self.view_functions[rule.endpoint])(**view_args)
           ^^^^^^^^^^^^^^^^^^^^^^^^^^^^^^^^^^^^^^^^^^^^^^^^^^^^^^^^^^^^^^^^^
  File "C:\Users\it2\ja_uniforms_pricing\.venv\Lib\site-packages\flask_login\utils.py", line 290, in decorated_view
    return current_app.ensure_sync(func)(*args, **kwargs)
           ^^^^^^^^^^^^^^^^^^^^^^^^^^^^^^^^^^^^^^^^^^^^^^
  File "C:\Users\it2\ja_uniforms_pricing\app.py", line 979, in style_detail
    for sf in style.fabrics:
              ^^^^^^^^^^^^^
AttributeError: 'Style' object has no attribute 'fabrics'
[2025-12-04 16:02:00,393] ERROR in C:\Users\it2\ja_uniforms_pricing\.venv\Lib\site-packages\flask\app.py:825
Exception on /style/53 [GET]
Traceback (most recent call last):
  File "C:\Users\it2\ja_uniforms_pricing\.venv\Lib\site-packages\flask\app.py", line 1455, in wsgi_app
    response = self.full_dispatch_request()
               ^^^^^^^^^^^^^^^^^^^^^^^^^^^^
  File "C:\Users\it2\ja_uniforms_pricing\.venv\Lib\site-packages\flask\app.py", line 869, in full_dispatch_request
    rv = self.handle_user_exception(e)
         ^^^^^^^^^^^^^^^^^^^^^^^^^^^^^
  File "C:\Users\it2\ja_uniforms_pricing\.venv\Lib\site-packages\flask\app.py", line 867, in full_dispatch_request
    rv = self.dispatch_request()
         ^^^^^^^^^^^^^^^^^^^^^^^
  File "C:\Users\it2\ja_uniforms_pricing\.venv\Lib\site-packages\flask\app.py", line 852, in dispatch_request
    return self.ensure_sync(self.view_functions[rule.endpoint])(**view_args)
           ^^^^^^^^^^^^^^^^^^^^^^^^^^^^^^^^^^^^^^^^^^^^^^^^^^^^^^^^^^^^^^^^^
  File "C:\Users\it2\ja_uniforms_pricing\.venv\Lib\site-packages\flask_login\utils.py", line 290, in decorated_view
    return current_app.ensure_sync(func)(*args, **kwargs)
           ^^^^^^^^^^^^^^^^^^^^^^^^^^^^^^^^^^^^^^^^^^^^^^
  File "C:\Users\it2\ja_uniforms_pricing\app.py", line 979, in style_detail
    for sf in style.fabrics:
              ^^^^^^^^^^^^^
AttributeError: 'Style' object has no attribute 'fabrics'
[2025-12-04 16:02:05,697] ERROR in C:\Users\it2\ja_uniforms_pricing\.venv\Lib\site-packages\flask\app.py:825
Exception on /style/54 [GET]
Traceback (most recent call last):
  File "C:\Users\it2\ja_uniforms_pricing\.venv\Lib\site-packages\flask\app.py", line 1455, in wsgi_app
    response = self.full_dispatch_request()
               ^^^^^^^^^^^^^^^^^^^^^^^^^^^^
  File "C:\Users\it2\ja_uniforms_pricing\.venv\Lib\site-packages\flask\app.py", line 869, in full_dispatch_request
    rv = self.handle_user_exception(e)
         ^^^^^^^^^^^^^^^^^^^^^^^^^^^^^
  File "C:\Users\it2\ja_uniforms_pricing\.venv\Lib\site-packages\flask\app.py", line 867, in full_dispatch_request
    rv = self.dispatch_request()
         ^^^^^^^^^^^^^^^^^^^^^^^
  File "C:\Users\it2\ja_uniforms_pricing\.venv\Lib\site-packages\flask\app.py", line 852, in dispatch_request
    return self.ensure_sync(self.view_functions[rule.endpoint])(**view_args)
           ^^^^^^^^^^^^^^^^^^^^^^^^^^^^^^^^^^^^^^^^^^^^^^^^^^^^^^^^^^^^^^^^^
  File "C:\Users\it2\ja_uniforms_pricing\.venv\Lib\site-packages\flask_login\utils.py", line 290, in decorated_view
    return current_app.ensure_sync(func)(*args, **kwargs)
           ^^^^^^^^^^^^^^^^^^^^^^^^^^^^^^^^^^^^^^^^^^^^^^
  File "C:\Users\it2\ja_uniforms_pricing\app.py", line 979, in style_detail
    for sf in style.fabrics:
              ^^^^^^^^^^^^^
AttributeError: 'Style' object has no attribute 'fabrics'
[2025-12-04 16:10:21,043] ERROR in C:\Users\it2\ja_uniforms_pricing\.venv\Lib\site-packages\flask\app.py:825
Exception on /style/54 [GET]
Traceback (most recent call last):
  File "C:\Users\it2\ja_uniforms_pricing\.venv\Lib\site-packages\flask\app.py", line 1455, in wsgi_app
    response = self.full_dispatch_request()
               ^^^^^^^^^^^^^^^^^^^^^^^^^^^^
  File "C:\Users\it2\ja_uniforms_pricing\.venv\Lib\site-packages\flask\app.py", line 869, in full_dispatch_request
    rv = self.handle_user_exception(e)
         ^^^^^^^^^^^^^^^^^^^^^^^^^^^^^
  File "C:\Users\it2\ja_uniforms_pricing\.venv\Lib\site-packages\flask\app.py", line 867, in full_dispatch_request
    rv = self.dispatch_request()
         ^^^^^^^^^^^^^^^^^^^^^^^
  File "C:\Users\it2\ja_uniforms_pricing\.venv\Lib\site-packages\flask\app.py", line 852, in dispatch_request
    return self.ensure_sync(self.view_functions[rule.endpoint])(**view_args)
           ^^^^^^^^^^^^^^^^^^^^^^^^^^^^^^^^^^^^^^^^^^^^^^^^^^^^^^^^^^^^^^^^^
  File "C:\Users\it2\ja_uniforms_pricing\.venv\Lib\site-packages\flask_login\utils.py", line 290, in decorated_view
    return current_app.ensure_sync(func)(*args, **kwargs)
           ^^^^^^^^^^^^^^^^^^^^^^^^^^^^^^^^^^^^^^^^^^^^^^
  File "C:\Users\it2\ja_uniforms_pricing\app.py", line 980, in style_detail
    yards = sf.yards_used or 0
            ^^^^^^^^^^^^^
AttributeError: 'StyleFabric' object has no attribute 'yards_used'
[2025-12-04 16:12:54,093] ERROR in C:\Users\it2\ja_uniforms_pricing\.venv\Lib\site-packages\flask\app.py:825
Exception on /style/54 [GET]
Traceback (most recent call last):
  File "C:\Users\it2\ja_uniforms_pricing\.venv\Lib\site-packages\flask\app.py", line 1455, in wsgi_app
    response = self.full_dispatch_request()
               ^^^^^^^^^^^^^^^^^^^^^^^^^^^^
  File "C:\Users\it2\ja_uniforms_pricing\.venv\Lib\site-packages\flask\app.py", line 869, in full_dispatch_request
    rv = self.handle_user_exception(e)
         ^^^^^^^^^^^^^^^^^^^^^^^^^^^^^
  File "C:\Users\it2\ja_uniforms_pricing\.venv\Lib\site-packages\flask\app.py", line 867, in full_dispatch_request
    rv = self.dispatch_request()
         ^^^^^^^^^^^^^^^^^^^^^^^
  File "C:\Users\it2\ja_uniforms_pricing\.venv\Lib\site-packages\flask\app.py", line 852, in dispatch_request
    return self.ensure_sync(self.view_functions[rule.endpoint])(**view_args)
           ^^^^^^^^^^^^^^^^^^^^^^^^^^^^^^^^^^^^^^^^^^^^^^^^^^^^^^^^^^^^^^^^^
  File "C:\Users\it2\ja_uniforms_pricing\.venv\Lib\site-packages\flask_login\utils.py", line 290, in decorated_view
    return current_app.ensure_sync(func)(*args, **kwargs)
           ^^^^^^^^^^^^^^^^^^^^^^^^^^^^^^^^^^^^^^^^^^^^^^
  File "C:\Users\it2\ja_uniforms_pricing\app.py", line 980, in style_detail
    yards = sf.yards_used or 0
            ^^^^^^^^^^^^^
AttributeError: 'StyleFabric' object has no attribute 'yards_used'
[2025-12-04 16:12:56,148] ERROR in C:\Users\it2\ja_uniforms_pricing\.venv\Lib\site-packages\flask\app.py:825
Exception on /style/53 [GET]
Traceback (most recent call last):
  File "C:\Users\it2\ja_uniforms_pricing\.venv\Lib\site-packages\flask\app.py", line 1455, in wsgi_app
    response = self.full_dispatch_request()
               ^^^^^^^^^^^^^^^^^^^^^^^^^^^^
  File "C:\Users\it2\ja_uniforms_pricing\.venv\Lib\site-packages\flask\app.py", line 869, in full_dispatch_request
    rv = self.handle_user_exception(e)
         ^^^^^^^^^^^^^^^^^^^^^^^^^^^^^
  File "C:\Users\it2\ja_uniforms_pricing\.venv\Lib\site-packages\flask\app.py", line 867, in full_dispatch_request
    rv = self.dispatch_request()
         ^^^^^^^^^^^^^^^^^^^^^^^
  File "C:\Users\it2\ja_uniforms_pricing\.venv\Lib\site-packages\flask\app.py", line 852, in dispatch_request
    return self.ensure_sync(self.view_functions[rule.endpoint])(**view_args)
           ^^^^^^^^^^^^^^^^^^^^^^^^^^^^^^^^^^^^^^^^^^^^^^^^^^^^^^^^^^^^^^^^^
  File "C:\Users\it2\ja_uniforms_pricing\.venv\Lib\site-packages\flask_login\utils.py", line 290, in decorated_view
    return current_app.ensure_sync(func)(*args, **kwargs)
           ^^^^^^^^^^^^^^^^^^^^^^^^^^^^^^^^^^^^^^^^^^^^^^
  File "C:\Users\it2\ja_uniforms_pricing\app.py", line 980, in style_detail
    yards = sf.yards_used or 0
            ^^^^^^^^^^^^^
AttributeError: 'StyleFabric' object has no attribute 'yards_used'
[2025-12-04 16:13:02,283] ERROR in C:\Users\it2\ja_uniforms_pricing\.venv\Lib\site-packages\flask\app.py:825
Exception on /style/54 [GET]
Traceback (most recent call last):
  File "C:\Users\it2\ja_uniforms_pricing\.venv\Lib\site-packages\flask\app.py", line 1455, in wsgi_app
    response = self.full_dispatch_request()
               ^^^^^^^^^^^^^^^^^^^^^^^^^^^^
  File "C:\Users\it2\ja_uniforms_pricing\.venv\Lib\site-packages\flask\app.py", line 869, in full_dispatch_request
    rv = self.handle_user_exception(e)
         ^^^^^^^^^^^^^^^^^^^^^^^^^^^^^
  File "C:\Users\it2\ja_uniforms_pricing\.venv\Lib\site-packages\flask\app.py", line 867, in full_dispatch_request
    rv = self.dispatch_request()
         ^^^^^^^^^^^^^^^^^^^^^^^
  File "C:\Users\it2\ja_uniforms_pricing\.venv\Lib\site-packages\flask\app.py", line 852, in dispatch_request
    return self.ensure_sync(self.view_functions[rule.endpoint])(**view_args)
           ^^^^^^^^^^^^^^^^^^^^^^^^^^^^^^^^^^^^^^^^^^^^^^^^^^^^^^^^^^^^^^^^^
  File "C:\Users\it2\ja_uniforms_pricing\.venv\Lib\site-packages\flask_login\utils.py", line 290, in decorated_view
    return current_app.ensure_sync(func)(*args, **kwargs)
           ^^^^^^^^^^^^^^^^^^^^^^^^^^^^^^^^^^^^^^^^^^^^^^
  File "C:\Users\it2\ja_uniforms_pricing\app.py", line 980, in style_detail
    yards = sf.yards_used or 0
            ^^^^^^^^^^^^^
AttributeError: 'StyleFabric' object has no attribute 'yards_used'
[2025-12-04 16:13:24,628] ERROR in C:\Users\it2\ja_uniforms_pricing\.venv\Lib\site-packages\flask\app.py:825
Exception on /style/53 [GET]
Traceback (most recent call last):
  File "C:\Users\it2\ja_uniforms_pricing\.venv\Lib\site-packages\flask\app.py", line 1455, in wsgi_app
    response = self.full_dispatch_request()
               ^^^^^^^^^^^^^^^^^^^^^^^^^^^^
  File "C:\Users\it2\ja_uniforms_pricing\.venv\Lib\site-packages\flask\app.py", line 869, in full_dispatch_request
    rv = self.handle_user_exception(e)
         ^^^^^^^^^^^^^^^^^^^^^^^^^^^^^
  File "C:\Users\it2\ja_uniforms_pricing\.venv\Lib\site-packages\flask\app.py", line 867, in full_dispatch_request
    rv = self.dispatch_request()
         ^^^^^^^^^^^^^^^^^^^^^^^
  File "C:\Users\it2\ja_uniforms_pricing\.venv\Lib\site-packages\flask\app.py", line 852, in dispatch_request
    return self.ensure_sync(self.view_functions[rule.endpoint])(**view_args)
           ^^^^^^^^^^^^^^^^^^^^^^^^^^^^^^^^^^^^^^^^^^^^^^^^^^^^^^^^^^^^^^^^^
  File "C:\Users\it2\ja_uniforms_pricing\.venv\Lib\site-packages\flask_login\utils.py", line 290, in decorated_view
    return current_app.ensure_sync(func)(*args, **kwargs)
           ^^^^^^^^^^^^^^^^^^^^^^^^^^^^^^^^^^^^^^^^^^^^^^
  File "C:\Users\it2\ja_uniforms_pricing\app.py", line 980, in style_detail
    yards = sf.yards_used or 0
            ^^^^^^^^^^^^^
AttributeError: 'StyleFabric' object has no attribute 'yards_used'
[2025-12-04 16:14:11,610] ERROR in C:\Users\it2\ja_uniforms_pricing\.venv\Lib\site-packages\flask\app.py:825
Exception on /style/54 [GET]
Traceback (most recent call last):
  File "C:\Users\it2\ja_uniforms_pricing\.venv\Lib\site-packages\flask\app.py", line 1455, in wsgi_app
    response = self.full_dispatch_request()
               ^^^^^^^^^^^^^^^^^^^^^^^^^^^^
  File "C:\Users\it2\ja_uniforms_pricing\.venv\Lib\site-packages\flask\app.py", line 869, in full_dispatch_request
    rv = self.handle_user_exception(e)
         ^^^^^^^^^^^^^^^^^^^^^^^^^^^^^
  File "C:\Users\it2\ja_uniforms_pricing\.venv\Lib\site-packages\flask\app.py", line 867, in full_dispatch_request
    rv = self.dispatch_request()
         ^^^^^^^^^^^^^^^^^^^^^^^
  File "C:\Users\it2\ja_uniforms_pricing\.venv\Lib\site-packages\flask\app.py", line 852, in dispatch_request
    return self.ensure_sync(self.view_functions[rule.endpoint])(**view_args)
           ^^^^^^^^^^^^^^^^^^^^^^^^^^^^^^^^^^^^^^^^^^^^^^^^^^^^^^^^^^^^^^^^^
  File "C:\Users\it2\ja_uniforms_pricing\.venv\Lib\site-packages\flask_login\utils.py", line 290, in decorated_view
    return current_app.ensure_sync(func)(*args, **kwargs)
           ^^^^^^^^^^^^^^^^^^^^^^^^^^^^^^^^^^^^^^^^^^^^^^
  File "C:\Users\it2\ja_uniforms_pricing\app.py", line 989, in style_detail
    qty = sn.quantity or 0
          ^^^^^^^^^^^
AttributeError: 'StyleNotion' object has no attribute 'quantity'
[2025-12-04 16:18:09,570] ERROR in C:\Users\it2\ja_uniforms_pricing\.venv\Lib\site-packages\flask\app.py:825
Exception on /api/style/by-vendor-style [GET]
Traceback (most recent call last):
  File "C:\Users\it2\ja_uniforms_pricing\.venv\Lib\site-packages\flask\app.py", line 1455, in wsgi_app
    response = self.full_dispatch_request()
               ^^^^^^^^^^^^^^^^^^^^^^^^^^^^
  File "C:\Users\it2\ja_uniforms_pricing\.venv\Lib\site-packages\flask\app.py", line 869, in full_dispatch_request
    rv = self.handle_user_exception(e)
         ^^^^^^^^^^^^^^^^^^^^^^^^^^^^^
  File "C:\Users\it2\ja_uniforms_pricing\.venv\Lib\site-packages\flask\app.py", line 867, in full_dispatch_request
    rv = self.dispatch_request()
         ^^^^^^^^^^^^^^^^^^^^^^^
  File "C:\Users\it2\ja_uniforms_pricing\.venv\Lib\site-packages\flask\app.py", line 852, in dispatch_request
    return self.ensure_sync(self.view_functions[rule.endpoint])(**view_args)
           ^^^^^^^^^^^^^^^^^^^^^^^^^^^^^^^^^^^^^^^^^^^^^^^^^^^^^^^^^^^^^^^^^
  File "C:\Users\it2\ja_uniforms_pricing\.venv\Lib\site-packages\flask_login\utils.py", line 290, in decorated_view
    return current_app.ensure_sync(func)(*args, **kwargs)
           ^^^^^^^^^^^^^^^^^^^^^^^^^^^^^^^^^^^^^^^^^^^^^^
  File "C:\Users\it2\ja_uniforms_pricing\app.py", line 3344, in api_style_by_vendor_style
    "qty": float(sn.quantity_required_required or 0),
                 ^^^^^^^^^^^^^^^^^^^^^^^^^^^^^
AttributeError: 'StyleNotion' object has no attribute 'quantity_required_required'
[2025-12-04 16:18:15,341] ERROR in C:\Users\it2\ja_uniforms_pricing\.venv\Lib\site-packages\flask\app.py:825
Exception on /api/style/by-vendor-style [GET]
Traceback (most recent call last):
  File "C:\Users\it2\ja_uniforms_pricing\.venv\Lib\site-packages\flask\app.py", line 1455, in wsgi_app
    response = self.full_dispatch_request()
               ^^^^^^^^^^^^^^^^^^^^^^^^^^^^
  File "C:\Users\it2\ja_uniforms_pricing\.venv\Lib\site-packages\flask\app.py", line 869, in full_dispatch_request
    rv = self.handle_user_exception(e)
         ^^^^^^^^^^^^^^^^^^^^^^^^^^^^^
  File "C:\Users\it2\ja_uniforms_pricing\.venv\Lib\site-packages\flask\app.py", line 867, in full_dispatch_request
    rv = self.dispatch_request()
         ^^^^^^^^^^^^^^^^^^^^^^^
  File "C:\Users\it2\ja_uniforms_pricing\.venv\Lib\site-packages\flask\app.py", line 852, in dispatch_request
    return self.ensure_sync(self.view_functions[rule.endpoint])(**view_args)
           ^^^^^^^^^^^^^^^^^^^^^^^^^^^^^^^^^^^^^^^^^^^^^^^^^^^^^^^^^^^^^^^^^
  File "C:\Users\it2\ja_uniforms_pricing\.venv\Lib\site-packages\flask_login\utils.py", line 290, in decorated_view
    return current_app.ensure_sync(func)(*args, **kwargs)
           ^^^^^^^^^^^^^^^^^^^^^^^^^^^^^^^^^^^^^^^^^^^^^^
  File "C:\Users\it2\ja_uniforms_pricing\app.py", line 3344, in api_style_by_vendor_style
    "qty": float(sn.quantity_required_required or 0),
                 ^^^^^^^^^^^^^^^^^^^^^^^^^^^^^
AttributeError: 'StyleNotion' object has no attribute 'quantity_required_required'
[2025-12-04 16:20:08,974] ERROR in C:\Users\it2\ja_uniforms_pricing\.venv\Lib\site-packages\flask\app.py:825
Exception on /api/style/by-vendor-style [GET]
Traceback (most recent call last):
  File "C:\Users\it2\ja_uniforms_pricing\.venv\Lib\site-packages\flask\app.py", line 1455, in wsgi_app
    response = self.full_dispatch_request()
               ^^^^^^^^^^^^^^^^^^^^^^^^^^^^
  File "C:\Users\it2\ja_uniforms_pricing\.venv\Lib\site-packages\flask\app.py", line 869, in full_dispatch_request
    rv = self.handle_user_exception(e)
         ^^^^^^^^^^^^^^^^^^^^^^^^^^^^^
  File "C:\Users\it2\ja_uniforms_pricing\.venv\Lib\site-packages\flask\app.py", line 867, in full_dispatch_request
    rv = self.dispatch_request()
         ^^^^^^^^^^^^^^^^^^^^^^^
  File "C:\Users\it2\ja_uniforms_pricing\.venv\Lib\site-packages\flask\app.py", line 852, in dispatch_request
    return self.ensure_sync(self.view_functions[rule.endpoint])(**view_args)
           ^^^^^^^^^^^^^^^^^^^^^^^^^^^^^^^^^^^^^^^^^^^^^^^^^^^^^^^^^^^^^^^^^
  File "C:\Users\it2\ja_uniforms_pricing\.venv\Lib\site-packages\flask_login\utils.py", line 290, in decorated_view
    return current_app.ensure_sync(func)(*args, **kwargs)
           ^^^^^^^^^^^^^^^^^^^^^^^^^^^^^^^^^^^^^^^^^^^^^^
  File "C:\Users\it2\ja_uniforms_pricing\app.py", line 3344, in api_style_by_vendor_style
    "qty": float(sn.quantity_required_required or 0),
                 ^^^^^^^^^^^^^^^^^^^^^^^^^^^^^
AttributeError: 'StyleNotion' object has no attribute 'quantity_required_required'
[2025-12-04 16:20:17,812] ERROR in C:\Users\it2\ja_uniforms_pricing\.venv\Lib\site-packages\flask\app.py:825
Exception on /api/style/by-vendor-style [GET]
Traceback (most recent call last):
  File "C:\Users\it2\ja_uniforms_pricing\.venv\Lib\site-packages\flask\app.py", line 1455, in wsgi_app
    response = self.full_dispatch_request()
               ^^^^^^^^^^^^^^^^^^^^^^^^^^^^
  File "C:\Users\it2\ja_uniforms_pricing\.venv\Lib\site-packages\flask\app.py", line 869, in full_dispatch_request
    rv = self.handle_user_exception(e)
         ^^^^^^^^^^^^^^^^^^^^^^^^^^^^^
  File "C:\Users\it2\ja_uniforms_pricing\.venv\Lib\site-packages\flask\app.py", line 867, in full_dispatch_request
    rv = self.dispatch_request()
         ^^^^^^^^^^^^^^^^^^^^^^^
  File "C:\Users\it2\ja_uniforms_pricing\.venv\Lib\site-packages\flask\app.py", line 852, in dispatch_request
    return self.ensure_sync(self.view_functions[rule.endpoint])(**view_args)
           ^^^^^^^^^^^^^^^^^^^^^^^^^^^^^^^^^^^^^^^^^^^^^^^^^^^^^^^^^^^^^^^^^
  File "C:\Users\it2\ja_uniforms_pricing\.venv\Lib\site-packages\flask_login\utils.py", line 290, in decorated_view
    return current_app.ensure_sync(func)(*args, **kwargs)
           ^^^^^^^^^^^^^^^^^^^^^^^^^^^^^^^^^^^^^^^^^^^^^^
  File "C:\Users\it2\ja_uniforms_pricing\app.py", line 3344, in api_style_by_vendor_style
    "qty": float(sn.quantity_required_required or 0),
                 ^^^^^^^^^^^^^^^^^^^^^^^^^^^^^
AttributeError: 'StyleNotion' object has no attribute 'quantity_required_required'
[2025-12-04 16:22:35,794] ERROR in C:\Users\it2\ja_uniforms_pricing\.venv\Lib\site-packages\flask\app.py:825
Exception on /api/style/by-vendor-style [GET]
Traceback (most recent call last):
  File "C:\Users\it2\ja_uniforms_pricing\.venv\Lib\site-packages\flask\app.py", line 1455, in wsgi_app
    response = self.full_dispatch_request()
               ^^^^^^^^^^^^^^^^^^^^^^^^^^^^
  File "C:\Users\it2\ja_uniforms_pricing\.venv\Lib\site-packages\flask\app.py", line 869, in full_dispatch_request
    rv = self.handle_user_exception(e)
         ^^^^^^^^^^^^^^^^^^^^^^^^^^^^^
  File "C:\Users\it2\ja_uniforms_pricing\.venv\Lib\site-packages\flask\app.py", line 867, in full_dispatch_request
    rv = self.dispatch_request()
         ^^^^^^^^^^^^^^^^^^^^^^^
  File "C:\Users\it2\ja_uniforms_pricing\.venv\Lib\site-packages\flask\app.py", line 852, in dispatch_request
    return self.ensure_sync(self.view_functions[rule.endpoint])(**view_args)
           ^^^^^^^^^^^^^^^^^^^^^^^^^^^^^^^^^^^^^^^^^^^^^^^^^^^^^^^^^^^^^^^^^
  File "C:\Users\it2\ja_uniforms_pricing\.venv\Lib\site-packages\flask_login\utils.py", line 290, in decorated_view
    return current_app.ensure_sync(func)(*args, **kwargs)
           ^^^^^^^^^^^^^^^^^^^^^^^^^^^^^^^^^^^^^^^^^^^^^^
  File "C:\Users\it2\ja_uniforms_pricing\app.py", line 3344, in api_style_by_vendor_style
    "qty": float(sn.quantity_required_required or 0),
                 ^^^^^^^^^^^^^^^^^^^^^^^^^^^^^
AttributeError: 'StyleNotion' object has no attribute 'quantity_required_required'
[2025-12-05 15:32:05,748] ERROR in C:\Users\it2\ja_uniforms_pricing\.venv\Lib\site-packages\flask\app.py:825
Exception on /audit-logs [GET]
Traceback (most recent call last):
  File "C:\Users\it2\ja_uniforms_pricing\.venv\Lib\site-packages\flask\app.py", line 1455, in wsgi_app
    response = self.full_dispatch_request()
               ^^^^^^^^^^^^^^^^^^^^^^^^^^^^
  File "C:\Users\it2\ja_uniforms_pricing\.venv\Lib\site-packages\flask\app.py", line 869, in full_dispatch_request
    rv = self.handle_user_exception(e)
         ^^^^^^^^^^^^^^^^^^^^^^^^^^^^^
  File "C:\Users\it2\ja_uniforms_pricing\.venv\Lib\site-packages\flask\app.py", line 867, in full_dispatch_request
    rv = self.dispatch_request()
         ^^^^^^^^^^^^^^^^^^^^^^^
  File "C:\Users\it2\ja_uniforms_pricing\.venv\Lib\site-packages\flask\app.py", line 852, in dispatch_request
    return self.ensure_sync(self.view_functions[rule.endpoint])(**view_args)
           ^^^^^^^^^^^^^^^^^^^^^^^^^^^^^^^^^^^^^^^^^^^^^^^^^^^^^^^^^^^^^^^^^
  File "C:\Users\it2\ja_uniforms_pricing\.venv\Lib\site-packages\flask_login\utils.py", line 290, in decorated_view
    return current_app.ensure_sync(func)(*args, **kwargs)
           ^^^^^^^^^^^^^^^^^^^^^^^^^^^^^^^^^^^^^^^^^^^^^^
  File "C:\Users\it2\ja_uniforms_pricing\auth.py", line 51, in decorated_function
    return f(*args, **kwargs)
           ^^^^^^^^^^^^^^^^^^
  File "C:\Users\it2\ja_uniforms_pricing\app.py", line 457, in audit_logs
    return render_template('audit_logs.html', logs=logs,
          ^^^^^^^^^^^^^^^^^^^^^^^^^^^^^^^^^^^^^^^^^^^^^
  File "C:\Users\it2\ja_uniforms_pricing\.venv\Lib\site-packages\flask\templating.py", line 152, in render_template
    return _render(app, template, context)
           ^^^^^^^^^^^^^^^^^^^^^^^^^^^^^^^
  File "C:\Users\it2\ja_uniforms_pricing\.venv\Lib\site-packages\flask\templating.py", line 133, in _render
    rv = template.render(context)
         ^^^^^^^^^^^^^^^^^^^^^^^^
  File "C:\Users\it2\ja_uniforms_pricing\.venv\Lib\site-packages\jinja2\environment.py", line 1295, in render
    self.environment.handle_exception()
  File "C:\Users\it2\ja_uniforms_pricing\.venv\Lib\site-packages\jinja2\environment.py", line 942, in handle_exception
    raise rewrite_traceback_stack(source=source)
  File "C:\Users\it2\ja_uniforms_pricing\templates\audit_logs.html", line 1, in top-level template code
    {% extends "base.html" %}
  File "C:\Users\it2\ja_uniforms_pricing\templates\base.html", line 146, in top-level template code
    {% block content %}{% endblock %}
    ^^^^^^^^^^^^^^^^^^^^^^^^^
  File "C:\Users\it2\ja_uniforms_pricing\templates\audit_logs.html", line 23, in block 'content'
    <a href="{{ url_for('dashboard') }}" class="btn btn-outline-secondary">
    ^^^^^^^^^^^^^^^^^^^^^^^^^
  File "C:\Users\it2\ja_uniforms_pricing\.venv\Lib\site-packages\flask\app.py", line 1071, in url_for
    return self.handle_url_build_error(error, endpoint, values)
           ^^^^^^^^^^^^^^^^^^^^^^^^^^^^^^^^^^^^^^^^^^^^^^^^^^^^
  File "C:\Users\it2\ja_uniforms_pricing\.venv\Lib\site-packages\flask\app.py", line 1060, in url_for
    rv = url_adapter.build(  # type: ignore[union-attr]
         ^^^^^^^^^^^^^^^^^^^^^^^^^^^^^^^^^^^^^^^^^^^^^^
  File "C:\Users\it2\ja_uniforms_pricing\.venv\Lib\site-packages\werkzeug\routing\map.py", line 919, in build
    raise BuildError(endpoint, values, method, self)
werkzeug.routing.exceptions.BuildError: Could not build url for endpoint 'dashboard'. Did you mean 'api_dashboard_stats' instead?
[2025-12-05 15:59:20,134] ERROR in C:\Users\it2\ja_uniforms_pricing\app.py:2458
Error updating fabric vendor: (psycopg2.errors.UniqueViolation) duplicate key value violates unique constraint "fabric_vendors_vendor_code_key"
DETAIL:  Key (vendor_code)=(F103) already exists.

[SQL: UPDATE fabric_vendors SET vendor_code=%(vendor_code)s WHERE fabric_vendors.id = %(fabric_vendors_id)s]
[parameters: {'vendor_code': 'F103', 'fabric_vendors_id': 1}]
(Background on this error at: https://sqlalche.me/e/20/gkpj)

